<?xml version="1.0" encoding="UTF-8"?>
<!-- Generated by org.testng.reporters.JUnitXMLReporter -->
<testsuite ignored="0" hostname="LTIN504051" failures="1" tests="1" name="Default test" time="17.07" errors="0" timestamp="2024-11-18T19:28:41 IST">
  <testcase classname="io.cucumber.testng.AbstractTestNGCucumberTests" name="runScenario" time="15.656">
    <failure type="java.lang.AssertionError" message="expected [true] but found [false]">
      <![CDATA[java.lang.AssertionError: expected [true] but found [false]
at org.testng.Assert.fail(Assert.java:111)
at org.testng.Assert.failNotEquals(Assert.java:1578)
at org.testng.Assert.assertTrue(Assert.java:57)
at org.testng.Assert.assertTrue(Assert.java:67)
at stepDefinitions.stepsToLoginPage.validate_the_title(stepsToLoginPage.java:71)
at âœ½.validate the title "OrangeHRMfhh"(file:///C:/Users/2082500/MVN_Project_Practice/BDD_CucumberFramework/src/test/resources/Features/LoginPageValidation.feature:8)
]]>
    </failure>
  </testcase> <!-- runScenario -->
</testsuite> <!-- Default test -->
